0 info it worked if it ends with ok
1 verbose cli [ '/Users/tsuneasahi/.nvm/versions/node/v6.12.0/bin/node',
1 verbose cli   '/Users/tsuneasahi/.nvm/versions/node/v6.12.0/bin/npm',
1 verbose cli   'run',
1 verbose cli   'build' ]
2 info using npm@3.10.10
3 info using node@v6.12.0
4 verbose run-script [ 'prebuild', 'build', 'postbuild' ]
5 info lifecycle rc-form-table@1.1.3~prebuild: rc-form-table@1.1.3
6 silly lifecycle rc-form-table@1.1.3~prebuild: no script for prebuild, continuing
7 info lifecycle rc-form-table@1.1.3~build: rc-form-table@1.1.3
8 verbose lifecycle rc-form-table@1.1.3~build: unsafe-perm in lifecycle true
9 verbose lifecycle rc-form-table@1.1.3~build: PATH: /Users/tsuneasahi/.nvm/versions/node/v6.12.0/lib/node_modules/npm/bin/node-gyp-bin:/Users/tsuneasahi/Documents/github/rc-form-table/node_modules/.bin:/Users/tsuneasahi/.nvm/versions/node/v6.12.0/bin:/usr/local/bin:/usr/bin:/bin:/usr/sbin:/sbin
10 verbose lifecycle rc-form-table@1.1.3~build: CWD: /Users/tsuneasahi/Documents/github/rc-form-table
11 silly lifecycle rc-form-table@1.1.3~build: Args: [ '-c', 'webpack --config webpack.config.js' ]
12 silly lifecycle rc-form-table@1.1.3~build: Returned: code: 2  signal: null
13 info lifecycle rc-form-table@1.1.3~build: Failed to exec build script
14 verbose stack Error: rc-form-table@1.1.3 build: `webpack --config webpack.config.js`
14 verbose stack Exit status 2
14 verbose stack     at EventEmitter.<anonymous> (/Users/tsuneasahi/.nvm/versions/node/v6.12.0/lib/node_modules/npm/lib/utils/lifecycle.js:255:16)
14 verbose stack     at emitTwo (events.js:106:13)
14 verbose stack     at EventEmitter.emit (events.js:191:7)
14 verbose stack     at ChildProcess.<anonymous> (/Users/tsuneasahi/.nvm/versions/node/v6.12.0/lib/node_modules/npm/lib/utils/spawn.js:40:14)
14 verbose stack     at emitTwo (events.js:106:13)
14 verbose stack     at ChildProcess.emit (events.js:191:7)
14 verbose stack     at maybeClose (internal/child_process.js:920:16)
14 verbose stack     at Process.ChildProcess._handle.onexit (internal/child_process.js:230:5)
15 verbose pkgid rc-form-table@1.1.3
16 verbose cwd /Users/tsuneasahi/Documents/github/rc-form-table
17 error Darwin 19.6.0
18 error argv "/Users/tsuneasahi/.nvm/versions/node/v6.12.0/bin/node" "/Users/tsuneasahi/.nvm/versions/node/v6.12.0/bin/npm" "run" "build"
19 error node v6.12.0
20 error npm  v3.10.10
21 error code ELIFECYCLE
22 error rc-form-table@1.1.3 build: `webpack --config webpack.config.js`
22 error Exit status 2
23 error Failed at the rc-form-table@1.1.3 build script 'webpack --config webpack.config.js'.
23 error Make sure you have the latest version of node.js and npm installed.
23 error If you do, this is most likely a problem with the rc-form-table package,
23 error not with npm itself.
23 error Tell the author that this fails on your system:
23 error     webpack --config webpack.config.js
23 error You can get information on how to open an issue for this project with:
23 error     npm bugs rc-form-table
23 error Or if that isn't available, you can get their info via:
23 error     npm owner ls rc-form-table
23 error There is likely additional logging output above.
24 verbose exit [ 1, true ]
